\BOOKMARK [1][-]{section.1}{\376\377\000E\000s\000t\000r\000u\000t\000u\000r\000a\000D\000a\000d\000o\000s}{}% 1
\BOOKMARK [2][-]{subsection.1.1}{\376\377\000V\000e\000n\000i\000c\000e\000-\000s\000e\000t}{section.1}% 2
\BOOKMARK [2][-]{subsection.1.2}{\376\377\000M\000e\000r\000g\000e\000\040\000S\000o\000r\000t\000\040\000T\000r\000e\000e}{section.1}% 3
\BOOKMARK [2][-]{subsection.1.3}{\376\377\000U\000n\000i\000o\000n\000\040\000F\000i\000n\000d}{section.1}% 4
\BOOKMARK [2][-]{subsection.1.4}{\376\377\000O\000r\000d\000e\000r\000e\000d\000\040\000S\000e\000t}{section.1}% 5
\BOOKMARK [2][-]{subsection.1.5}{\376\377\000S\000e\000g\000\040\000T\000r\000e\000e}{section.1}% 6
\BOOKMARK [1][-]{section.2}{\376\377\000M\000a\000t\000e\000m\000a\000t\000i\000c\000a}{}% 7
\BOOKMARK [2][-]{subsection.2.1}{\376\377\000P\000e\000r\000m\000u\000t\000a\000t\000i\000o\000n}{section.2}% 8
\BOOKMARK [2][-]{subsection.2.2}{\376\377\000P\000r\000i\000m\000e\000s}{section.2}% 9
\BOOKMARK [2][-]{subsection.2.3}{\376\377\000A\000r\000r\000a\000n\000j\000o\000s}{section.2}% 10
\BOOKMARK [2][-]{subsection.2.4}{\376\377\000P\000r\000i\000m\000o\000s}{section.2}% 11
\BOOKMARK [2][-]{subsection.2.5}{\376\377\000M\000o\000d}{section.2}% 12
\BOOKMARK [2][-]{subsection.2.6}{\376\377\000P\000h\000a\000n\000d\000f\000p}{section.2}% 13
\BOOKMARK [2][-]{subsection.2.7}{\376\377\000F\000a\000s\000t\000\040\000E\000x\000p}{section.2}% 14
\BOOKMARK [2][-]{subsection.2.8}{\376\377\000M\000o\000d\000u\000l\000a\000r}{section.2}% 15
\BOOKMARK [2][-]{subsection.2.9}{\376\377\000P\000o\000l\000i\000n\000o\000m\000y\000-\000a\000d\000d}{section.2}% 16
\BOOKMARK [2][-]{subsection.2.10}{\376\377\000F\000u\000n\000c\000o\000e\000s\000\040\000M\000u\000l\000t\000i\000p\000l\000i\000c\000a\000t\000i\000v\000a\000s}{section.2}% 17
\BOOKMARK [2][-]{subsection.2.11}{\376\377\000G\000c\000d}{section.2}% 18
\BOOKMARK [2][-]{subsection.2.12}{\376\377\000F\000a\000t\000o\000r\000i\000a\000l}{section.2}% 19
\BOOKMARK [2][-]{subsection.2.13}{\376\377\000P\000e\000r\000m\000u\000t\000a\000c\000o\000e\000s}{section.2}% 20
\BOOKMARK [2][-]{subsection.2.14}{\376\377\000P\000o\000l\000i\000n\000o\000m\000i\000a\000l\000-\000d\000e\000g\000r\000e\000e}{section.2}% 21
\BOOKMARK [2][-]{subsection.2.15}{\376\377\000M\000d\000c}{section.2}% 22
\BOOKMARK [2][-]{subsection.2.16}{\376\377\000F\000a\000t\000o\000r\000i\000z\000a\000t\000i\000o\000n}{section.2}% 23
\BOOKMARK [1][-]{section.3}{\376\377\000G\000e\000o\000m\000e\000t\000r\000i\000a}{}% 24
\BOOKMARK [2][-]{subsection.3.1}{\376\377\0002\000d}{section.3}% 25
\BOOKMARK [2][-]{subsection.3.2}{\376\377\000M\000i\000n\000d\000i\000s\000t\000p\000a\000i\000r}{section.3}% 26
\BOOKMARK [2][-]{subsection.3.3}{\376\377\000I\000n\000s\000i\000d\000e\000\040\000P\000o\000l\000y\000g\000o\000n}{section.3}% 27
\BOOKMARK [2][-]{subsection.3.4}{\376\377\000S\000w\000e\000e\000p\000l\000i\000n\000e}{section.3}% 28
\BOOKMARK [2][-]{subsection.3.5}{\376\377\000I\000n\000t\000e\000r\000s\000e\000c\000t\000\040\000P\000o\000l\000y\000g\000o\000n}{section.3}% 29
\BOOKMARK [2][-]{subsection.3.6}{\376\377\000C\000o\000n\000v\000e\000x\000\040\000H\000u\000l\000l}{section.3}% 30
\BOOKMARK [2][-]{subsection.3.7}{\376\377\0003\000d}{section.3}% 31
\BOOKMARK [2][-]{subsection.3.8}{\376\377\000P\000o\000l\000y\000g\000o\000n\000\040\000D\000i\000a\000m\000e\000t\000e\000r}{section.3}% 32
\BOOKMARK [1][-]{section.4}{\376\377\000G\000r\000a\000f\000o\000s}{}% 33
\BOOKMARK [2][-]{subsection.4.1}{\376\377\000B\000i\000n\000a\000r\000y\000\040\000L\000i\000f\000t\000i\000n\000g}{section.4}% 34
\BOOKMARK [1][-]{section.5}{\376\377\000D\000P}{}% 35
\BOOKMARK [2][-]{subsection.5.1}{\376\377\000S\000u\000m\000s\000e\000t}{section.5}% 36
